2022-08-23 13:51:07.951 [main] DEBUG com.imooc.o2o.dao.ShopDao.insertShop - ==>  Preparing: INSERT INTO tb_shop(owner_id,area_id,shop_category_id, shop_name,shop_desc,shop_addr, phone,shop_img,priority, create_time,last_edit_time,enable_status, advice) VALUES (?,?,?,?, ?,?,?,?,?, ?,?, ?,?) 
2022-08-23 13:55:51.136 [main] DEBUG com.imooc.o2o.dao.ShopDao.insertShop - ==>  Preparing: INSERT INTO tb_shop(owner_id,area_id,shop_category_id, shop_name,shop_desc,shop_addr, phone,shop_img,priority, create_time,last_edit_time,enable_status, advice) VALUES (?,?,?,?, ?,?,?,?,?, ?,?, ?,?) 
2022-08-23 13:55:51.162 [main] DEBUG com.imooc.o2o.dao.ShopDao.insertShop - ==> Parameters: 1(Long), 2(Integer), 1(Long), 测试的店铺(String), test(String), test(String), test(String), test(String), null, 2022-08-23 13:55:50.627(Timestamp), null, 1(Integer), 审核中(String)
2022-08-23 14:38:24.647 [main] DEBUG com.imooc.o2o.dao.ShopDao.insertShop - ==>  Preparing: INSERT INTO tb_shop(owner_id,area_id,shop_category_id, shop_name,shop_desc,shop_addr, phone,shop_img,priority, create_time,last_edit_time,enable_status, advice) VALUES (?,?,?,?, ?,?,?,?,?, ?,?, ?,?) 
2022-08-23 14:38:24.676 [main] DEBUG com.imooc.o2o.dao.ShopDao.insertShop - ==> Parameters: 1(Long), 2(Integer), 1(Long), 测试的店铺(String), test(String), test(String), test(String), test(String), null, 2022-08-23 14:38:24.099(Timestamp), null, 1(Integer), 审核中(String)
2022-08-23 14:43:03.157 [main] DEBUG com.imooc.o2o.dao.ShopDao.insertShop - ==>  Preparing: INSERT INTO tb_shop(owner_id,area_id,shop_category_id, shop_name,shop_desc,shop_addr, phone,shop_img,priority, create_time,last_edit_time,enable_status, advice) VALUES (?,?,?,?, ?,?,?,?,?, ?,?, ?,?) 
2022-08-23 14:43:03.186 [main] DEBUG com.imooc.o2o.dao.ShopDao.insertShop - ==> Parameters: 1(Long), 2(Integer), 1(Long), 测试的店铺(String), test(String), test(String), test(String), test(String), null, 2022-08-23 14:43:02.646(Timestamp), null, 1(Integer), 审核中(String)
2022-08-23 14:44:08.052 [main] DEBUG com.imooc.o2o.dao.ShopDao.insertShop - ==>  Preparing: INSERT INTO tb_shop(owner_id,area_id,shop_category_id, shop_name,shop_desc,shop_addr, phone,shop_img,priority, create_time,last_edit_time,enable_status, advice) VALUES (?,?,?,?, ?,?,?,?,?, ?,?, ?,?) 
2022-08-23 14:44:08.078 [main] DEBUG com.imooc.o2o.dao.ShopDao.insertShop - ==> Parameters: 1(Long), 2(Integer), 1(Long), 测试的店铺(String), test(String), test(String), test(String), test(String), null, 2022-08-23 14:44:07.545(Timestamp), null, 1(Integer), 审核中(String)
2022-08-23 14:44:08.129 [main] DEBUG com.imooc.o2o.dao.ShopDao.insertShop - <==    Updates: 1
2022-08-23 15:53:21.903 [main] DEBUG com.imooc.o2o.dao.ShopDao.insertShop - ==>  Preparing: INSERT INTO tb_shop(owner_id,area_id,shop_category_id, shop_name,shop_desc,shop_addr, phone,shop_img,priority, create_time,last_edit_time,enable_status, advice) VALUES (?,?,?,?, ?,?,?,?,?, ?,?, ?,?) 
2022-08-23 15:53:21.942 [main] DEBUG com.imooc.o2o.dao.ShopDao.insertShop - ==> Parameters: null, null, null, null, 测试描述(String), 测试地址(String), null, null, null, null, 2022-08-23 15:53:21.385(Timestamp), null, null
2022-08-23 16:03:07.859 [main] DEBUG com.imooc.o2o.dao.ShopDao.insertShop - ==>  Preparing: INSERT INTO tb_shop(owner_id,area_id,shop_category_id, shop_name,shop_desc,shop_addr, phone,shop_img,priority, create_time,last_edit_time,enable_status, advice) VALUES (?,?,?,?, ?,?,?,?,?, ?,?, ?,?) 
2022-08-23 16:03:07.885 [main] DEBUG com.imooc.o2o.dao.ShopDao.insertShop - ==> Parameters: null, null, null, null, 测试描述(String), 测试地址(String), null, null, null, null, 2022-08-23 16:03:07.345(Timestamp), null, null
2022-08-23 16:05:34.157 [main] DEBUG com.imooc.o2o.dao.ShopDao.insertShop - ==>  Preparing: INSERT INTO tb_shop(owner_id,area_id,shop_category_id, shop_name,shop_desc,shop_addr, phone,shop_img,priority, create_time,last_edit_time,enable_status, advice) VALUES (?,?,?,?, ?,?,?,?,?, ?,?, ?,?) 
2022-08-23 16:05:34.183 [main] DEBUG com.imooc.o2o.dao.ShopDao.insertShop - ==> Parameters: null, null, null, null, 测试描述(String), 测试地址(String), null, null, null, null, 2022-08-23 16:05:33.665(Timestamp), null, null
2022-08-23 16:12:59.990 [main] DEBUG com.imooc.o2o.dao.ShopDao.insertShop - ==>  Preparing: INSERT INTO tb_shop(owner_id,area_id,shop_category_id, shop_name,shop_desc,shop_addr, phone,shop_img,priority, create_time,last_edit_time,enable_status, advice) VALUES (?,?,?,?, ?,?,?,?,?, ?,?, ?,?) 
2022-08-23 16:13:00.019 [main] DEBUG com.imooc.o2o.dao.ShopDao.insertShop - ==> Parameters: null, null, null, null, 测试描述(String), 测试地址(String), null, null, null, null, 2022-08-23 16:12:59.491(Timestamp), null, null
2022-08-23 16:20:41.702 [main] DEBUG com.imooc.o2o.dao.ShopDao.insertShop - ==>  Preparing: INSERT INTO tb_shop(owner_id,area_id,shop_category_id, shop_name,shop_desc,shop_addr, phone,shop_img,priority, create_time,last_edit_time,enable_status, advice) VALUES (?,?,?,?, ?,?,?,?,?, ?,?, ?,?) 
2022-08-23 16:20:41.726 [main] DEBUG com.imooc.o2o.dao.ShopDao.insertShop - ==> Parameters: null, null, null, null, 测试描述(String), 测试地址(String), null, null, null, null, 2022-08-23 16:20:41.197(Timestamp), null, null
2022-08-23 16:27:36.515 [main] DEBUG com.imooc.o2o.dao.ShopDao.insertShop - ==>  Preparing: INSERT INTO tb_shop(owner_id,area_id,shop_category_id, shop_name,shop_desc,shop_addr, phone,shop_img,priority, create_time,last_edit_time,enable_status, advice) VALUES (?,?,?,?, ?,?,?,?,?, ?,?, ?,?) 
2022-08-23 16:27:36.538 [main] DEBUG com.imooc.o2o.dao.ShopDao.insertShop - ==> Parameters: null, null, null, null, 测试描述(String), 测试地址(String), null, null, null, null, 2022-08-23 16:27:36.004(Timestamp), null, null
2022-08-23 16:32:31.737 [main] DEBUG com.imooc.o2o.dao.ShopDao.insertShop - ==>  Preparing: INSERT INTO tb_shop(owner_id,area_id,shop_category_id, shop_name,shop_desc,shop_addr, phone,shop_img,priority, create_time,last_edit_time,enable_status, advice) VALUES (?,?,?,?, ?,?,?,?,?, ?,?, ?,?) 
2022-08-23 16:32:31.764 [main] DEBUG com.imooc.o2o.dao.ShopDao.insertShop - ==> Parameters: null, null, null, null, 测试描述(String), 测试地址(String), null, null, null, null, 2022-08-23 16:32:31.222(Timestamp), null, null
2022-08-23 16:32:56.875 [main] DEBUG com.imooc.o2o.dao.ShopDao.insertShop - ==>  Preparing: INSERT INTO tb_shop(owner_id,area_id,shop_category_id, shop_name,shop_desc,shop_addr, phone,shop_img,priority, create_time,last_edit_time,enable_status, advice) VALUES (?,?,?,?, ?,?,?,?,?, ?,?, ?,?) 
2022-08-23 16:32:56.900 [main] DEBUG com.imooc.o2o.dao.ShopDao.insertShop - ==> Parameters: null, null, null, null, 测试描述(String), 测试地址(String), null, null, null, null, 2022-08-23 16:32:56.369(Timestamp), null, null
2022-08-23 16:37:38.204 [main] DEBUG com.imooc.o2o.dao.ShopDao.updateShop - ==>  Preparing: update tb_shop SET shop_desc=?, shop_addr=?, last_edit_time=? where shop_id=? 
2022-08-23 16:37:38.231 [main] DEBUG com.imooc.o2o.dao.ShopDao.updateShop - ==> Parameters: 测试描述(String), 测试地址(String), 2022-08-23 16:37:37.662(Timestamp), 1(Long)
2022-08-23 16:37:38.248 [main] DEBUG com.imooc.o2o.dao.ShopDao.updateShop - <==    Updates: 0
2022-08-23 16:39:18.615 [main] DEBUG com.imooc.o2o.dao.ShopDao.updateShop - ==>  Preparing: update tb_shop SET shop_desc=?, shop_addr=?, last_edit_time=? where shop_id=? 
2022-08-23 16:39:18.639 [main] DEBUG com.imooc.o2o.dao.ShopDao.updateShop - ==> Parameters: 测试描述(String), 测试地址(String), 2022-08-23 16:39:18.09(Timestamp), 2(Long)
2022-08-23 16:39:18.703 [main] DEBUG com.imooc.o2o.dao.ShopDao.updateShop - <==    Updates: 1
2022-08-23 17:03:11.988 [main] DEBUG com.imooc.o2o.dao.ShopDao.updateShop - ==>  Preparing: update tb_shop SET shop_desc=?, shop_addr=?, last_edit_time=? where shop_id=? 
2022-08-23 17:03:12.014 [main] DEBUG com.imooc.o2o.dao.ShopDao.updateShop - ==> Parameters: 测试描述(String), 测试地址(String), 2022-08-23 17:03:11.439(Timestamp), 2(Long)
2022-08-23 17:03:12.069 [main] DEBUG com.imooc.o2o.dao.ShopDao.updateShop - <==    Updates: 1
